2025-03-03 20:56:56,828 [INFO] ================================================================================
2025-03-03 20:56:56,829 [INFO] STARTING ULTRASOUND SEGMENTATION PIPELINE
2025-03-03 20:56:56,829 [INFO] ================================================================================
2025-03-03 20:56:56,829 [INFO] Start step: 1, End step: 6
2025-03-03 20:56:56,829 [INFO] Batch size: 16, Epochs: 20
2025-03-03 20:56:56,829 [INFO] Model type: resnet50
2025-03-03 20:56:56,829 [INFO] Skip visualization: False
2025-03-03 20:56:56,829 [INFO] Force continuation: False
2025-03-03 20:56:56,831 [INFO] Project root: C:\Users\wbszy\PycharmProjects\ultrasound_defect_detection
2025-03-03 20:56:56,832 [INFO] Data directory: C:\Users\wbszy\PycharmProjects\ultrasound_defect_detection\data
2025-03-03 20:56:56,832 [INFO] Raw data directory: C:\Users\wbszy\PycharmProjects\ultrasound_defect_detection\data\raw
2025-03-03 20:56:56,832 [INFO] Verifying MAT files in C:\Users\wbszy\PycharmProjects\ultrasound_defect_detection\data\raw...
2025-03-03 20:56:56,852 [INFO] Found 3000 MAT files.
2025-03-03 20:56:56,852 [INFO] Verifying sample file: C:\Users\wbszy\PycharmProjects\ultrasound_defect_detection\data\raw\control_all_elements_on.mat
2025-03-03 20:56:56,853 [INFO] imgData shape: (118, 128)
2025-03-03 20:56:56,854 [INFO] deadElements shape: (1, 128)
2025-03-03 20:56:56,854 [INFO] STEP: Converting MAT files to PNG images
2025-03-03 20:56:56,854 [INFO] Command: C:\Users\wbszy\PycharmProjects\ultrasound_defect_detection\.venv\Scripts\python.exe C:\Users\wbszy\PycharmProjects\ultrasound_defect_detection\scripts\01_convert_data.py --input_dir C:\Users\wbszy\PycharmProjects\ultrasound_defect_detection\data\raw --output_dir C:\Users\wbszy\PycharmProjects\ultrasound_defect_detection\data\processed --inspect
2025-03-03 20:56:57,585 [INFO]   Inspecting sample file: C:\Users\wbszy\PycharmProjects\ultrasound_defect_detection\data\raw\control_all_elements_on.mat
2025-03-03 20:57:07,026 [ERROR]   
2025-03-03 20:57:07,135 [INFO]   
2025-03-03 20:57:07,298 [ERROR]   Converting MAT to PNG:   0%|          | 0/3000 [00:00<?, ?it/s]
2025-03-03 20:57:07,401 [INFO]   MAT file structure:
2025-03-03 20:57:07,497 [ERROR]   Converting MAT to PNG:   0%|          | 1/3000 [00:00<13:36,  3.67it/s]
2025-03-03 20:57:07,605 [INFO]   keys: ['__header__', '__version__', '__globals__', 'imgData', 'xAxis', 'zAxis', 'deadElements']
2025-03-03 20:57:07,710 [ERROR]   Converting MAT to PNG:   0%|          | 2/3000 [00:00<11:26,  4.37it/s]
2025-03-03 20:57:07,823 [INFO]   imgData_shape: (118, 128)
2025-03-03 20:57:07,918 [ERROR]   Converting MAT to PNG:   0%|          | 3/3000 [00:00<11:02,  4.52it/s]
2025-03-03 20:57:08,025 [INFO]   deadElements_shape: (1, 128)
2025-03-03 20:57:08,132 [ERROR]   Converting MAT to PNG:   0%|          | 4/3000 [00:00<10:48,  4.62it/s]
2025-03-03 20:57:08,244 [INFO]   xAxis_shape: (1, 128)
2025-03-03 20:57:08,335 [ERROR]   Converting MAT to PNG:   0%|          | 5/3000 [00:01<10:45,  4.64it/s]
2025-03-03 20:57:08,449 [INFO]   zAxis_shape: (1, 118)
2025-03-03 20:57:08,546 [ERROR]   Converting MAT to PNG:   0%|          | 6/3000 [00:01<10:32,  4.73it/s]
2025-03-03 20:57:08,655 [INFO]   
2025-03-03 20:57:08,765 [ERROR]   Converting MAT to PNG:   0%|          | 7/3000 [00:01<10:31,  4.74it/s]
2025-03-03 20:57:08,873 [INFO]   Press Enter to continue with conversion, or Ctrl+C to abort.
2025-03-03 20:57:08,980 [ERROR]   Converting MAT to PNG:   0%|          | 8/3000 [00:01<10:39,  4.68it/s]
2025-03-03 20:57:09,093 [INFO]   Converting 3000 MAT files to PNG...
2025-03-03 20:57:09,192 [ERROR]   Converting MAT to PNG:   0%|          | 9/3000 [00:01<10:40,  4.67it/s]
